<?xml version="1.0" encoding="UTF-8"?>
<!-- Generated by org.testng.reporters.JUnitXMLReporter -->
<testsuite ignored="0" hostname="Siddharam" failures="0" tests="6" name="Surefire test" time="0.089" errors="0" timestamp="2025-08-22T22:35:08 IST">
  <testcase classname="testng.GroupTest" name="addToCart" time="0.009"/>
  <testcase classname="testng.GroupTest" name="invoice" time="0.001"/>
  <testcase classname="testng.GroupTest" name="login" time="0.0"/>
  <testcase classname="testng.GroupTest" name="logout" time="0.001"/>
  <testcase classname="testng.GroupTest" name="payment" time="0.001"/>
  <testcase classname="testng.GroupTest" name="search" time="0.0"/>
</testsuite> <!-- Surefire test -->
