<?xml version="1.0" encoding="UTF-8"?>
<testng-results ignored="0" total="2" passed="2" failed="0" skipped="0">
  <reporter-output>
  </reporter-output>
  <suite started-at="2025-08-16T11:15:40 IST" name="MySuite" finished-at="2025-08-16T11:15:58 IST" duration-ms="17917">
    <groups>
    </groups>
    <test started-at="2025-08-16T11:15:40 IST" name="MyTest" finished-at="2025-08-16T11:15:58 IST" duration-ms="17827">
      <class name="MyTestNg.Mytestng">
        <test-method signature="testexample()[pri:0, instance:MyTestNg.Mytestng@7c417213]" started-at="2025-08-16T11:15:40 IST" name="testexample" finished-at="2025-08-16T11:15:40 IST" duration-ms="5" status="PASS">
          <reporter-output>
          </reporter-output>
        </test-method> <!-- testexample -->
      </class> <!-- MyTestNg.Mytestng -->
      <class name="MyTestNg.rightclick">
        <test-method signature="rightclick()[pri:0, instance:MyTestNg.rightclick@3745e5c6]" started-at="2025-08-16T11:15:40 IST" name="rightclick" finished-at="2025-08-16T11:15:58 IST" duration-ms="17772" status="PASS">
          <reporter-output>
          </reporter-output>
        </test-method> <!-- rightclick -->
      </class> <!-- MyTestNg.rightclick -->
    </test> <!-- MyTest -->
    <test started-at="2025-08-16T11:15:58 IST" name="SmokeTests" finished-at="2025-08-16T11:15:58 IST" duration-ms="0">
    </test> <!-- SmokeTests -->
    <test started-at="2025-08-16T11:15:58 IST" name="RegressionTests" finished-at="2025-08-16T11:15:58 IST" duration-ms="0">
    </test> <!-- RegressionTests -->
  </suite> <!-- MySuite -->
</testng-results>
